10:52:27 [ERROR] [@astrojs/node] Unhandled rejection while rendering undefined
Error: listen EADDRINUSE: address already in use 0.0.0.0:9991
    at Server.setupListenHandle [as _listen2] (node:net:1940:16)
    at listenInCluster (node:net:1997:12)
    at node:net:2206:7
    at process.processTicksAndRejections (node:internal/process/task_queues:90:21) {
  code: 'EADDRINUSE',
  errno: -98,
  syscall: 'listen',
  address: '0.0.0.0',
  port: 9991
}
10:52:27 [ERROR] [@astrojs/node] Unhandled rejection while rendering undefined
Error: listen EADDRINUSE: address already in use 0.0.0.0:9991
    at Server.setupListenHandle [as _listen2] (node:net:1940:16)
    at listenInCluster (node:net:1997:12)
    at node:net:2206:7
    at process.processTicksAndRejections (node:internal/process/task_queues:90:21) {
  code: 'EADDRINUSE',
  errno: -98,
  syscall: 'listen',
  address: '0.0.0.0',
  port: 9991
}
17:12:02 [ERROR] [router] Error while trying to render the route /404
17:12:02 [ERROR] FailedToFindPageMapSSR: The module for route "/404" does not have a valid page function. This may occur when using static output mode with an SSR adapter.
    at NodeApp.render (file:///home/xy/Andrej/blog/dist/server/chunks/_@astrojs-ssr-adapter_DE8dUnNV.mjs:968:15)
    at async file:///home/xy/Andrej/blog/dist/server/chunks/_@astrojs-ssr-adapter_DE8dUnNV.mjs:1593:24
03:28:07 [WARN] [router] No API Route handler exists for the method "GET" for the route "/api/register".
Found handlers: "POST", "prerender"

08:40:28 [ERROR] [router] Error while trying to render the route /404
08:40:28 [ERROR] FailedToFindPageMapSSR: The module for route "/404" does not have a valid page function. This may occur when using static output mode with an SSR adapter.
    at NodeApp.render (file:///home/xy/Andrej/blog/dist/server/chunks/_@astrojs-ssr-adapter_DE8dUnNV.mjs:968:15)
    at async file:///home/xy/Andrej/blog/dist/server/chunks/_@astrojs-ssr-adapter_DE8dUnNV.mjs:1593:24
19:58:58 [ERROR] [router] Error while trying to render the route /blog
19:58:58 [ERROR] Error [ERR_MODULE_NOT_FOUND]: Cannot find module '/home/xy/Andrej/blog/dist/server/pages/blog.astro.mjs' imported from /home/xy/Andrej/blog/dist/server/entry.mjs
    at finalizeResolution (node:internal/modules/esm/resolve:274:11)
    at moduleResolve (node:internal/modules/esm/resolve:859:10)
    at defaultResolve (node:internal/modules/esm/resolve:983:11)
    at #cachedDefaultResolve (node:internal/modules/esm/loader:731:20)
    at ModuleLoader.resolve (node:internal/modules/esm/loader:708:38)
    at ModuleLoader.getModuleJobForImport (node:internal/modules/esm/loader:310:38)
    at onImport.tracePromise.__proto__ (node:internal/modules/esm/loader:664:36)
    at TracingChannel.tracePromise (node:diagnostics_channel:350:14)
    at ModuleLoader.import (node:internal/modules/esm/loader:663:21)
    at defaultImportModuleDynamicallyForModule (node:internal/modules/esm/utils:222:31)
